<?xml version="1.0" encoding="UTF-8"?>
<!-- Generated by org.testng.reporters.JUnitXMLReporter -->
<testsuite hostname="ISIPL-PUNV-L040" ignored="0" name="EdgeTest" tests="1" failures="0" timestamp="10 Jul 2019 07:22:36 GMT" time="0.01" errors="0">
  <testcase name="@BeforeTest setup" time="0.001" classname="seleniumConcepts.MultiBrowser">
    <failure type="java.lang.Exception" message="Browser is not correct">
      <![CDATA[java.lang.Exception: Browser is not correct
at seleniumConcepts.MultiBrowser.setup(MultiBrowser.java:45)
... Removed 24 stack frames]]>
    </failure>
  </testcase> <!-- @BeforeTest setup -->
  <testcase name="testParameterWithXML" time="0.0" classname="seleniumConcepts.MultiBrowser">
    <skipped/>
  </testcase> <!-- testParameterWithXML -->
</testsuite> <!-- EdgeTest -->
