<?xml version="1.0" encoding="UTF-8"?>
<!-- Generated by org.testng.reporters.JUnitXMLReporter -->
<testsuite hostname="ISIPL-PUNV-L040" ignored="0" name="Test" tests="3" failures="0" timestamp="23 Jul 2019 03:06:29 GMT" time="28.375" errors="0">
  <testcase name="pcMethod" time="11.288" classname="overridingInSelenium.ParentClass"/>
  <testcase name="pcMethod" time="9.375" classname="overridingInSelenium.ParentClass"/>
  <testcase name="ccMethod" time="7.669" classname="overridingInSelenium.ChildClass"/>
</testsuite> <!-- Test -->
