<?xml version="1.0" encoding="UTF-8"?>
<testng-results skipped="0" failed="0" ignored="0" total="3" passed="3">
  <reporter-output>
  </reporter-output>
  <suite name="Suite" duration-ms="28375" started-at="2019-07-23T03:06:00Z" finished-at="2019-07-23T03:06:28Z">
    <groups>
    </groups>
    <test name="Test" duration-ms="28375" started-at="2019-07-23T03:06:00Z" finished-at="2019-07-23T03:06:28Z">
      <class name="overridingInSelenium.ParentClass">
        <test-method status="PASS" signature="pcMethod()[pri:1, instance:overridingInSelenium.ParentClass@77caeb3e]" name="pcMethod" duration-ms="9375" started-at="2019-07-23T03:06:11Z" finished-at="2019-07-23T03:06:20Z">
          <reporter-output>
          </reporter-output>
        </test-method> <!-- pcMethod -->
      </class> <!-- overridingInSelenium.ParentClass -->
      <class name="overridingInSelenium.ChildClass">
        <test-method status="PASS" signature="pcMethod()[pri:1, instance:overridingInSelenium.ChildClass@47c62251]" name="pcMethod" duration-ms="11288" started-at="2019-07-23T03:06:00Z" finished-at="2019-07-23T03:06:11Z">
          <reporter-output>
          </reporter-output>
        </test-method> <!-- pcMethod -->
        <test-method status="PASS" signature="ccMethod()[pri:2, instance:overridingInSelenium.ChildClass@47c62251]" name="ccMethod" duration-ms="7669" started-at="2019-07-23T03:06:20Z" finished-at="2019-07-23T03:06:28Z">
          <reporter-output>
          </reporter-output>
        </test-method> <!-- ccMethod -->
      </class> <!-- overridingInSelenium.ChildClass -->
    </test> <!-- Test -->
  </suite> <!-- Suite -->
</testng-results>
